Writing Scale Factors to the pickle file: /global/cfs/projectdirs/atlas/hrzhao/HEP_Repo/QG_Calibration/NewWorkflow/trained_lightGBM_new/JESJER/syst_JET_BJES_Response__1up/plots/ADE/SFs_pkls/GBDT_newScore_quark_reweighting_weights/jet_pt/SFs.pkl
Writing Scale Factors to the pickle file: /global/cfs/projectdirs/atlas/hrzhao/HEP_Repo/QG_Calibration/NewWorkflow/trained_lightGBM_new/JESJER/syst_JET_BJES_Response__1up/plots/ADE/SFs_pkls/GBDT_newScore_quark_reweighting_weights/jet_eta/SFs.pkl
Writing Scale Factors to the pickle file: /global/cfs/projectdirs/atlas/hrzhao/HEP_Repo/QG_Calibration/NewWorkflow/trained_lightGBM_new/JESJER/syst_JET_BJES_Response__1up/plots/ADE/SFs_pkls/GBDT_newScore_quark_reweighting_weights/jet_nTracks/SFs.pkl
Writing Scale Factors to the pickle file: /global/cfs/projectdirs/atlas/hrzhao/HEP_Repo/QG_Calibration/NewWorkflow/trained_lightGBM_new/JESJER/syst_JET_BJES_Response__1up/plots/ADE/SFs_pkls/GBDT_newScore_quark_reweighting_weights/jet_trackWidth/SFs.pkl
Writing Scale Factors to the pickle file: /global/cfs/projectdirs/atlas/hrzhao/HEP_Repo/QG_Calibration/NewWorkflow/trained_lightGBM_new/JESJER/syst_JET_BJES_Response__1up/plots/ADE/SFs_pkls/GBDT_newScore_quark_reweighting_weights/jet_trackC1/SFs.pkl
Writing Scale Factors to the pickle file: /global/cfs/projectdirs/atlas/hrzhao/HEP_Repo/QG_Calibration/NewWorkflow/trained_lightGBM_new/JESJER/syst_JET_BJES_Response__1up/plots/ADE/SFs_pkls/GBDT_newScore_quark_reweighting_weights/jet_trackBDT/SFs.pkl
Writing Scale Factors to the pickle file: /global/cfs/projectdirs/atlas/hrzhao/HEP_Repo/QG_Calibration/NewWorkflow/trained_lightGBM_new/JESJER/syst_JET_BJES_Response__1up/plots/ADE/SFs_pkls/GBDT_newScore_quark_reweighting_weights/GBDT_newScore/SFs.pkl
Writing Scale Factors to the pickle file: /global/cfs/projectdirs/atlas/hrzhao/HEP_Repo/QG_Calibration/NewWorkflow/trained_lightGBM_new/JESJER/syst_JET_BJES_Response__1up/plots/ADE/SFs_pkls/jet_nTracks_quark_reweighting_weights/jet_pt/SFs.pkl
Writing Scale Factors to the pickle file: /global/cfs/projectdirs/atlas/hrzhao/HEP_Repo/QG_Calibration/NewWorkflow/trained_lightGBM_new/JESJER/syst_JET_BJES_Response__1up/plots/ADE/SFs_pkls/jet_nTracks_quark_reweighting_weights/jet_eta/SFs.pkl
Writing Scale Factors to the pickle file: /global/cfs/projectdirs/atlas/hrzhao/HEP_Repo/QG_Calibration/NewWorkflow/trained_lightGBM_new/JESJER/syst_JET_BJES_Response__1up/plots/ADE/SFs_pkls/jet_nTracks_quark_reweighting_weights/jet_nTracks/SFs.pkl
Writing Scale Factors to the pickle file: /global/cfs/projectdirs/atlas/hrzhao/HEP_Repo/QG_Calibration/NewWorkflow/trained_lightGBM_new/JESJER/syst_JET_BJES_Response__1up/plots/ADE/SFs_pkls/jet_nTracks_quark_reweighting_weights/jet_trackWidth/SFs.pkl
Writing Scale Factors to the pickle file: /global/cfs/projectdirs/atlas/hrzhao/HEP_Repo/QG_Calibration/NewWorkflow/trained_lightGBM_new/JESJER/syst_JET_BJES_Response__1up/plots/ADE/SFs_pkls/jet_nTracks_quark_reweighting_weights/jet_trackC1/SFs.pkl
Writing Scale Factors to the pickle file: /global/cfs/projectdirs/atlas/hrzhao/HEP_Repo/QG_Calibration/NewWorkflow/trained_lightGBM_new/JESJER/syst_JET_BJES_Response__1up/plots/ADE/SFs_pkls/jet_nTracks_quark_reweighting_weights/jet_trackBDT/SFs.pkl
Writing Scale Factors to the pickle file: /global/cfs/projectdirs/atlas/hrzhao/HEP_Repo/QG_Calibration/NewWorkflow/trained_lightGBM_new/JESJER/syst_JET_BJES_Response__1up/plots/ADE/SFs_pkls/jet_nTracks_quark_reweighting_weights/GBDT_newScore/SFs.pkl
Writing Scale Factors to the pickle file: /global/cfs/projectdirs/atlas/hrzhao/HEP_Repo/QG_Calibration/NewWorkflow/trained_lightGBM_new/JESJER/syst_JET_BJES_Response__1up/plots/ADE/SFs_pkls/none_event_weight/jet_pt/SFs.pkl
Writing Scale Factors to the pickle file: /global/cfs/projectdirs/atlas/hrzhao/HEP_Repo/QG_Calibration/NewWorkflow/trained_lightGBM_new/JESJER/syst_JET_BJES_Response__1up/plots/ADE/SFs_pkls/none_event_weight/jet_eta/SFs.pkl
Writing Scale Factors to the pickle file: /global/cfs/projectdirs/atlas/hrzhao/HEP_Repo/QG_Calibration/NewWorkflow/trained_lightGBM_new/JESJER/syst_JET_BJES_Response__1up/plots/ADE/SFs_pkls/none_event_weight/jet_nTracks/SFs.pkl
Writing Scale Factors to the pickle file: /global/cfs/projectdirs/atlas/hrzhao/HEP_Repo/QG_Calibration/NewWorkflow/trained_lightGBM_new/JESJER/syst_JET_BJES_Response__1up/plots/ADE/SFs_pkls/none_event_weight/jet_trackWidth/SFs.pkl
Writing Scale Factors to the pickle file: /global/cfs/projectdirs/atlas/hrzhao/HEP_Repo/QG_Calibration/NewWorkflow/trained_lightGBM_new/JESJER/syst_JET_BJES_Response__1up/plots/ADE/SFs_pkls/none_event_weight/jet_trackC1/SFs.pkl
Writing Scale Factors to the pickle file: /global/cfs/projectdirs/atlas/hrzhao/HEP_Repo/QG_Calibration/NewWorkflow/trained_lightGBM_new/JESJER/syst_JET_BJES_Response__1up/plots/ADE/SFs_pkls/none_event_weight/jet_trackBDT/SFs.pkl
Writing Scale Factors to the pickle file: /global/cfs/projectdirs/atlas/hrzhao/HEP_Repo/QG_Calibration/NewWorkflow/trained_lightGBM_new/JESJER/syst_JET_BJES_Response__1up/plots/ADE/SFs_pkls/none_event_weight/GBDT_newScore/SFs.pkl
Writing Scale Factors to the pickle file: /global/cfs/projectdirs/atlas/hrzhao/HEP_Repo/QG_Calibration/NewWorkflow/trained_lightGBM_new/JESJER/syst_JET_BJES_Response__1up/plots/ADE/SFs_pkls/jet_trackBDT_quark_reweighting_weights/jet_pt/SFs.pkl
Writing Scale Factors to the pickle file: /global/cfs/projectdirs/atlas/hrzhao/HEP_Repo/QG_Calibration/NewWorkflow/trained_lightGBM_new/JESJER/syst_JET_BJES_Response__1up/plots/ADE/SFs_pkls/jet_trackBDT_quark_reweighting_weights/jet_eta/SFs.pkl
Writing Scale Factors to the pickle file: /global/cfs/projectdirs/atlas/hrzhao/HEP_Repo/QG_Calibration/NewWorkflow/trained_lightGBM_new/JESJER/syst_JET_BJES_Response__1up/plots/ADE/SFs_pkls/jet_trackBDT_quark_reweighting_weights/jet_nTracks/SFs.pkl
Writing Scale Factors to the pickle file: /global/cfs/projectdirs/atlas/hrzhao/HEP_Repo/QG_Calibration/NewWorkflow/trained_lightGBM_new/JESJER/syst_JET_BJES_Response__1up/plots/ADE/SFs_pkls/jet_trackBDT_quark_reweighting_weights/jet_trackWidth/SFs.pkl
Writing Scale Factors to the pickle file: /global/cfs/projectdirs/atlas/hrzhao/HEP_Repo/QG_Calibration/NewWorkflow/trained_lightGBM_new/JESJER/syst_JET_BJES_Response__1up/plots/ADE/SFs_pkls/jet_trackBDT_quark_reweighting_weights/jet_trackC1/SFs.pkl
Writing Scale Factors to the pickle file: /global/cfs/projectdirs/atlas/hrzhao/HEP_Repo/QG_Calibration/NewWorkflow/trained_lightGBM_new/JESJER/syst_JET_BJES_Response__1up/plots/ADE/SFs_pkls/jet_trackBDT_quark_reweighting_weights/jet_trackBDT/SFs.pkl
Writing Scale Factors to the pickle file: /global/cfs/projectdirs/atlas/hrzhao/HEP_Repo/QG_Calibration/NewWorkflow/trained_lightGBM_new/JESJER/syst_JET_BJES_Response__1up/plots/ADE/SFs_pkls/jet_trackBDT_quark_reweighting_weights/GBDT_newScore/SFs.pkl
Writing Scale Factors to the pickle file: /global/cfs/projectdirs/atlas/hrzhao/HEP_Repo/QG_Calibration/NewWorkflow/trained_lightGBM_new/JESJER/syst_JET_BJES_Response__1down/plots/ADE/SFs_pkls/jet_nTracks_quark_reweighting_weights/jet_pt/SFs.pkl
Writing Scale Factors to the pickle file: /global/cfs/projectdirs/atlas/hrzhao/HEP_Repo/QG_Calibration/NewWorkflow/trained_lightGBM_new/JESJER/syst_JET_BJES_Response__1down/plots/ADE/SFs_pkls/jet_nTracks_quark_reweighting_weights/jet_eta/SFs.pkl
Writing Scale Factors to the pickle file: /global/cfs/projectdirs/atlas/hrzhao/HEP_Repo/QG_Calibration/NewWorkflow/trained_lightGBM_new/JESJER/syst_JET_BJES_Response__1down/plots/ADE/SFs_pkls/jet_nTracks_quark_reweighting_weights/jet_nTracks/SFs.pkl
Writing Scale Factors to the pickle file: /global/cfs/projectdirs/atlas/hrzhao/HEP_Repo/QG_Calibration/NewWorkflow/trained_lightGBM_new/JESJER/syst_JET_BJES_Response__1down/plots/ADE/SFs_pkls/jet_nTracks_quark_reweighting_weights/jet_trackWidth/SFs.pkl
Writing Scale Factors to the pickle file: /global/cfs/projectdirs/atlas/hrzhao/HEP_Repo/QG_Calibration/NewWorkflow/trained_lightGBM_new/JESJER/syst_JET_BJES_Response__1down/plots/ADE/SFs_pkls/jet_nTracks_quark_reweighting_weights/jet_trackC1/SFs.pkl
Writing Scale Factors to the pickle file: /global/cfs/projectdirs/atlas/hrzhao/HEP_Repo/QG_Calibration/NewWorkflow/trained_lightGBM_new/JESJER/syst_JET_BJES_Response__1down/plots/ADE/SFs_pkls/jet_nTracks_quark_reweighting_weights/jet_trackBDT/SFs.pkl
Writing Scale Factors to the pickle file: /global/cfs/projectdirs/atlas/hrzhao/HEP_Repo/QG_Calibration/NewWorkflow/trained_lightGBM_new/JESJER/syst_JET_BJES_Response__1down/plots/ADE/SFs_pkls/jet_nTracks_quark_reweighting_weights/GBDT_newScore/SFs.pkl
Writing Scale Factors to the pickle file: /global/cfs/projectdirs/atlas/hrzhao/HEP_Repo/QG_Calibration/NewWorkflow/trained_lightGBM_new/JESJER/syst_JET_BJES_Response__1down/plots/ADE/SFs_pkls/GBDT_newScore_quark_reweighting_weights/jet_pt/SFs.pkl
Writing Scale Factors to the pickle file: /global/cfs/projectdirs/atlas/hrzhao/HEP_Repo/QG_Calibration/NewWorkflow/trained_lightGBM_new/JESJER/syst_JET_BJES_Response__1down/plots/ADE/SFs_pkls/GBDT_newScore_quark_reweighting_weights/jet_eta/SFs.pkl
Writing Scale Factors to the pickle file: /global/cfs/projectdirs/atlas/hrzhao/HEP_Repo/QG_Calibration/NewWorkflow/trained_lightGBM_new/JESJER/syst_JET_BJES_Response__1down/plots/ADE/SFs_pkls/GBDT_newScore_quark_reweighting_weights/jet_nTracks/SFs.pkl
Writing Scale Factors to the pickle file: /global/cfs/projectdirs/atlas/hrzhao/HEP_Repo/QG_Calibration/NewWorkflow/trained_lightGBM_new/JESJER/syst_JET_BJES_Response__1down/plots/ADE/SFs_pkls/GBDT_newScore_quark_reweighting_weights/jet_trackWidth/SFs.pkl
Writing Scale Factors to the pickle file: /global/cfs/projectdirs/atlas/hrzhao/HEP_Repo/QG_Calibration/NewWorkflow/trained_lightGBM_new/JESJER/syst_JET_BJES_Response__1down/plots/ADE/SFs_pkls/GBDT_newScore_quark_reweighting_weights/jet_trackC1/SFs.pkl
Writing Scale Factors to the pickle file: /global/cfs/projectdirs/atlas/hrzhao/HEP_Repo/QG_Calibration/NewWorkflow/trained_lightGBM_new/JESJER/syst_JET_BJES_Response__1down/plots/ADE/SFs_pkls/GBDT_newScore_quark_reweighting_weights/jet_trackBDT/SFs.pkl
Writing Scale Factors to the pickle file: /global/cfs/projectdirs/atlas/hrzhao/HEP_Repo/QG_Calibration/NewWorkflow/trained_lightGBM_new/JESJER/syst_JET_BJES_Response__1down/plots/ADE/SFs_pkls/GBDT_newScore_quark_reweighting_weights/GBDT_newScore/SFs.pkl
Writing Scale Factors to the pickle file: /global/cfs/projectdirs/atlas/hrzhao/HEP_Repo/QG_Calibration/NewWorkflow/trained_lightGBM_new/JESJER/syst_JET_BJES_Response__1down/plots/ADE/SFs_pkls/none_event_weight/jet_pt/SFs.pkl
Writing Scale Factors to the pickle file: /global/cfs/projectdirs/atlas/hrzhao/HEP_Repo/QG_Calibration/NewWorkflow/trained_lightGBM_new/JESJER/syst_JET_BJES_Response__1down/plots/ADE/SFs_pkls/none_event_weight/jet_eta/SFs.pkl
Writing Scale Factors to the pickle file: /global/cfs/projectdirs/atlas/hrzhao/HEP_Repo/QG_Calibration/NewWorkflow/trained_lightGBM_new/JESJER/syst_JET_BJES_Response__1down/plots/ADE/SFs_pkls/none_event_weight/jet_nTracks/SFs.pkl
Writing Scale Factors to the pickle file: /global/cfs/projectdirs/atlas/hrzhao/HEP_Repo/QG_Calibration/NewWorkflow/trained_lightGBM_new/JESJER/syst_JET_BJES_Response__1down/plots/ADE/SFs_pkls/none_event_weight/jet_trackWidth/SFs.pkl
Writing Scale Factors to the pickle file: /global/cfs/projectdirs/atlas/hrzhao/HEP_Repo/QG_Calibration/NewWorkflow/trained_lightGBM_new/JESJER/syst_JET_BJES_Response__1down/plots/ADE/SFs_pkls/none_event_weight/jet_trackC1/SFs.pkl
Writing Scale Factors to the pickle file: /global/cfs/projectdirs/atlas/hrzhao/HEP_Repo/QG_Calibration/NewWorkflow/trained_lightGBM_new/JESJER/syst_JET_BJES_Response__1down/plots/ADE/SFs_pkls/none_event_weight/jet_trackBDT/SFs.pkl
Writing Scale Factors to the pickle file: /global/cfs/projectdirs/atlas/hrzhao/HEP_Repo/QG_Calibration/NewWorkflow/trained_lightGBM_new/JESJER/syst_JET_BJES_Response__1down/plots/ADE/SFs_pkls/none_event_weight/GBDT_newScore/SFs.pkl
Writing Scale Factors to the pickle file: /global/cfs/projectdirs/atlas/hrzhao/HEP_Repo/QG_Calibration/NewWorkflow/trained_lightGBM_new/JESJER/syst_JET_BJES_Response__1down/plots/ADE/SFs_pkls/jet_trackBDT_quark_reweighting_weights/jet_pt/SFs.pkl
Writing Scale Factors to the pickle file: /global/cfs/projectdirs/atlas/hrzhao/HEP_Repo/QG_Calibration/NewWorkflow/trained_lightGBM_new/JESJER/syst_JET_BJES_Response__1down/plots/ADE/SFs_pkls/jet_trackBDT_quark_reweighting_weights/jet_eta/SFs.pkl
Writing Scale Factors to the pickle file: /global/cfs/projectdirs/atlas/hrzhao/HEP_Repo/QG_Calibration/NewWorkflow/trained_lightGBM_new/JESJER/syst_JET_BJES_Response__1down/plots/ADE/SFs_pkls/jet_trackBDT_quark_reweighting_weights/jet_nTracks/SFs.pkl
Writing Scale Factors to the pickle file: /global/cfs/projectdirs/atlas/hrzhao/HEP_Repo/QG_Calibration/NewWorkflow/trained_lightGBM_new/JESJER/syst_JET_BJES_Response__1down/plots/ADE/SFs_pkls/jet_trackBDT_quark_reweighting_weights/jet_trackWidth/SFs.pkl
Writing Scale Factors to the pickle file: /global/cfs/projectdirs/atlas/hrzhao/HEP_Repo/QG_Calibration/NewWorkflow/trained_lightGBM_new/JESJER/syst_JET_BJES_Response__1down/plots/ADE/SFs_pkls/jet_trackBDT_quark_reweighting_weights/jet_trackC1/SFs.pkl
Writing Scale Factors to the pickle file: /global/cfs/projectdirs/atlas/hrzhao/HEP_Repo/QG_Calibration/NewWorkflow/trained_lightGBM_new/JESJER/syst_JET_BJES_Response__1down/plots/ADE/SFs_pkls/jet_trackBDT_quark_reweighting_weights/jet_trackBDT/SFs.pkl
Writing Scale Factors to the pickle file: /global/cfs/projectdirs/atlas/hrzhao/HEP_Repo/QG_Calibration/NewWorkflow/trained_lightGBM_new/JESJER/syst_JET_BJES_Response__1down/plots/ADE/SFs_pkls/jet_trackBDT_quark_reweighting_weights/GBDT_newScore/SFs.pkl
